INFO 2016-03-25 12:59:57  [ main:0 ] [Loaded default TestExecutionListener class names from location [META-INF/spring.factories]: [org.springframework.test.context.web.ServletTestExecutionListener, org.springframework.test.context.support.DirtiesContextBeforeModesTestExecutionListener, org.springframework.test.context.support.DependencyInjectionTestExecutionListener, org.springframework.test.context.support.DirtiesContextTestExecutionListener, org.springframework.test.context.transaction.TransactionalTestExecutionListener, org.springframework.test.context.jdbc.SqlScriptsTestExecutionListener]] 
INFO 2016-03-25 12:59:57  [ main:30 ] [Using TestExecutionListeners: [org.springframework.test.context.web.ServletTestExecutionListener@7dbe9f07, org.springframework.test.context.support.DirtiesContextBeforeModesTestExecutionListener@6dbac50f, org.springframework.test.context.support.DependencyInjectionTestExecutionListener@df9411, org.springframework.test.context.support.DirtiesContextTestExecutionListener@5671e889, org.springframework.test.context.transaction.TransactionalTestExecutionListener@5059a6b5, org.springframework.test.context.jdbc.SqlScriptsTestExecutionListener@2dcfde49]] 
INFO 2016-03-25 12:59:57  [ main:237 ] [Loading XML bean definitions from class path resource [root-context.xml]] 
INFO 2016-03-25 12:59:58  [ main:1130 ] [Refreshing org.springframework.context.support.GenericApplicationContext@bb5e82f: startup date [Fri Mar 25 12:59:58 CST 2016]; root of context hierarchy] 
INFO 2016-03-25 12:59:58  [ main:1486 ] [Loading properties file from class path resource [jdbc.properties]] 
INFO 2016-03-25 12:59:58  [ main:1510 ] [JSR-330 'javax.inject.Inject' annotation found and supported for autowiring] 
INFO 2016-03-25 12:59:58  [ main:1560 ] [Bean 'org.springframework.aop.support.DefaultBeanFactoryPointcutAdvisor#0' of type [class org.springframework.aop.support.DefaultBeanFactoryPointcutAdvisor] is not eligible for getting processed by all BeanPostProcessors (for example: not eligible for auto-proxying)] 
INFO 2016-03-25 12:59:59  [ main:1883 ] [Bean 'dataSource' of type [class org.apache.commons.dbcp.BasicDataSource] is not eligible for getting processed by all BeanPostProcessors (for example: not eligible for auto-proxying)] 
INFO 2016-03-25 12:59:59  [ main:2082 ] [Bean 'sqlSessionFactory' of type [class org.mybatis.spring.SqlSessionFactoryBean] is not eligible for getting processed by all BeanPostProcessors (for example: not eligible for auto-proxying)] 
INFO 2016-03-25 12:59:59  [ main:2094 ] [Bean 'sqlSessionFactory' of type [class org.apache.ibatis.session.defaults.DefaultSqlSessionFactory] is not eligible for getting processed by all BeanPostProcessors (for example: not eligible for auto-proxying)] 
INFO 2016-03-25 12:59:59  [ main:2152 ] [Bean 'authorMapper' of type [class org.mybatis.spring.mapper.MapperFactoryBean] is not eligible for getting processed by all BeanPostProcessors (for example: not eligible for auto-proxying)] 
INFO 2016-03-25 12:59:59  [ main:2159 ] [Bean 'authorMapper' of type [class com.sun.proxy.$Proxy27] is not eligible for getting processed by all BeanPostProcessors (for example: not eligible for auto-proxying)] 
INFO 2016-03-25 12:59:59  [ main:2173 ] [Bean 'authorDao' of type [class com.ccniit.graduation.dao.mysql.AuthorDao] is not eligible for getting processed by all BeanPostProcessors (for example: not eligible for auto-proxying)] 
INFO 2016-03-25 12:59:59  [ main:2207 ] [Bean 'transactionManager' of type [class org.springframework.jdbc.datasource.DataSourceTransactionManager] is not eligible for getting processed by all BeanPostProcessors (for example: not eligible for auto-proxying)] 
INFO 2016-03-25 12:59:59  [ main:2218 ] [Bean '(inner bean)#3a324fc' of type [class org.springframework.transaction.interceptor.NameMatchTransactionAttributeSource] is not eligible for getting processed by all BeanPostProcessors (for example: not eligible for auto-proxying)] 
INFO 2016-03-25 12:59:59  [ main:2221 ] [Bean 'txAdvice' of type [class org.springframework.transaction.interceptor.TransactionInterceptor] is not eligible for getting processed by all BeanPostProcessors (for example: not eligible for auto-proxying)] 
INFO 2016-03-25 12:59:59  [ main:2263 ] [Bean 'authorAuthService' of type [class com.ccniit.graduation.service.impl.AuthorAuthServiceImpl] is not eligible for getting processed by all BeanPostProcessors (for example: not eligible for auto-proxying)] 
INFO 2016-03-25 12:59:59  [ main:2267 ] [No cache or cacheManager properties have been set.  Authorization cache cannot be obtained.] 
INFO 2016-03-25 12:59:59  [ main:2268 ] [Bean 'defaultRealm' of type [class com.ccniit.graduation.plus.shiro.DefaultRealm] is not eligible for getting processed by all BeanPostProcessors (for example: not eligible for auto-proxying)] 
INFO 2016-03-25 12:59:59  [ main:2297 ] [Bean 'securityManager' of type [class org.apache.shiro.web.mgt.DefaultWebSecurityManager] is not eligible for getting processed by all BeanPostProcessors (for example: not eligible for auto-proxying)] 
INFO 2016-03-25 12:59:59  [ main:2453 ] [Initializing EhCache CacheManager] 
INFO 2016-03-25 13:00:01  [ main:3811 ] [Cluster created with settings {hosts=[127.0.0.1:27017], mode=SINGLE, requiredClusterType=UNKNOWN, serverSelectionTimeout='30000 ms', maxWaitQueueSize=50}] 
INFO 2016-03-25 13:00:01  [ cluster-ClusterId{value='56f4c5d1eba7701348d3a078', description='null'}-127.0.0.1:27017:3905 ] [Opened connection [connectionId{localValue:1, serverValue:277}] to 127.0.0.1:27017] 
INFO 2016-03-25 13:00:01  [ cluster-ClusterId{value='56f4c5d1eba7701348d3a078', description='null'}-127.0.0.1:27017:3907 ] [Monitor thread successfully connected to server with description ServerDescription{address=127.0.0.1:27017, type=STANDALONE, state=CONNECTED, ok=true, version=ServerVersion{versionList=[2, 6, 11]}, minWireVersion=0, maxWireVersion=2, maxDocumentSize=16777216, roundTripTimeNanos=751684}] 
INFO 2016-03-25 13:00:02  [ Thread-3:4987 ] [Closing org.springframework.context.support.GenericApplicationContext@bb5e82f: startup date [Fri Mar 25 12:59:58 CST 2016]; root of context hierarchy] 
INFO 2016-03-25 13:00:02  [ Thread-3:5000 ] [Shutting down EhCache CacheManager] 
INFO 2016-03-25 18:20:38  [ main:0 ] [Loaded default TestExecutionListener class names from location [META-INF/spring.factories]: [org.springframework.test.context.web.ServletTestExecutionListener, org.springframework.test.context.support.DirtiesContextBeforeModesTestExecutionListener, org.springframework.test.context.support.DependencyInjectionTestExecutionListener, org.springframework.test.context.support.DirtiesContextTestExecutionListener, org.springframework.test.context.transaction.TransactionalTestExecutionListener, org.springframework.test.context.jdbc.SqlScriptsTestExecutionListener]] 
INFO 2016-03-25 18:20:38  [ main:47 ] [Using TestExecutionListeners: [org.springframework.test.context.web.ServletTestExecutionListener@4ba7da17, org.springframework.test.context.support.DirtiesContextBeforeModesTestExecutionListener@78df42ce, org.springframework.test.context.support.DependencyInjectionTestExecutionListener@99b2061, org.springframework.test.context.support.DirtiesContextTestExecutionListener@276ac534, org.springframework.test.context.transaction.TransactionalTestExecutionListener@52b8ed23, org.springframework.test.context.jdbc.SqlScriptsTestExecutionListener@6ad8bf42]] 
INFO 2016-03-25 18:20:38  [ main:234 ] [Loading XML bean definitions from class path resource [root-context.xml]] 
INFO 2016-03-25 18:20:39  [ main:925 ] [Refreshing org.springframework.context.support.GenericApplicationContext@77036a6b: startup date [Fri Mar 25 18:20:39 CST 2016]; root of context hierarchy] 
INFO 2016-03-25 18:20:39  [ main:1424 ] [Loading properties file from class path resource [jdbc.properties]] 
INFO 2016-03-25 18:20:39  [ main:1447 ] [JSR-330 'javax.inject.Inject' annotation found and supported for autowiring] 
INFO 2016-03-25 18:20:39  [ main:1506 ] [Bean 'org.springframework.aop.support.DefaultBeanFactoryPointcutAdvisor#0' of type [class org.springframework.aop.support.DefaultBeanFactoryPointcutAdvisor] is not eligible for getting processed by all BeanPostProcessors (for example: not eligible for auto-proxying)] 
INFO 2016-03-25 18:20:40  [ main:1851 ] [Bean 'dataSource' of type [class org.apache.commons.dbcp.BasicDataSource] is not eligible for getting processed by all BeanPostProcessors (for example: not eligible for auto-proxying)] 
INFO 2016-03-25 18:20:40  [ main:2140 ] [Bean 'sqlSessionFactory' of type [class org.mybatis.spring.SqlSessionFactoryBean] is not eligible for getting processed by all BeanPostProcessors (for example: not eligible for auto-proxying)] 
INFO 2016-03-25 18:20:40  [ main:2150 ] [Bean 'sqlSessionFactory' of type [class org.apache.ibatis.session.defaults.DefaultSqlSessionFactory] is not eligible for getting processed by all BeanPostProcessors (for example: not eligible for auto-proxying)] 
INFO 2016-03-25 18:20:40  [ main:2243 ] [Bean 'authorMapper' of type [class org.mybatis.spring.mapper.MapperFactoryBean] is not eligible for getting processed by all BeanPostProcessors (for example: not eligible for auto-proxying)] 
INFO 2016-03-25 18:20:40  [ main:2250 ] [Bean 'authorMapper' of type [class com.sun.proxy.$Proxy27] is not eligible for getting processed by all BeanPostProcessors (for example: not eligible for auto-proxying)] 
INFO 2016-03-25 18:20:40  [ main:2264 ] [Bean 'authorDao' of type [class com.ccniit.graduation.dao.mysql.AuthorDao] is not eligible for getting processed by all BeanPostProcessors (for example: not eligible for auto-proxying)] 
INFO 2016-03-25 18:20:40  [ main:2292 ] [Bean 'transactionManager' of type [class org.springframework.jdbc.datasource.DataSourceTransactionManager] is not eligible for getting processed by all BeanPostProcessors (for example: not eligible for auto-proxying)] 
INFO 2016-03-25 18:20:40  [ main:2305 ] [Bean '(inner bean)#23ec1e48' of type [class org.springframework.transaction.interceptor.NameMatchTransactionAttributeSource] is not eligible for getting processed by all BeanPostProcessors (for example: not eligible for auto-proxying)] 
INFO 2016-03-25 18:20:40  [ main:2308 ] [Bean 'txAdvice' of type [class org.springframework.transaction.interceptor.TransactionInterceptor] is not eligible for getting processed by all BeanPostProcessors (for example: not eligible for auto-proxying)] 
INFO 2016-03-25 18:20:40  [ main:2352 ] [Bean 'authorAuthService' of type [class com.ccniit.graduation.service.impl.AuthorAuthServiceImpl] is not eligible for getting processed by all BeanPostProcessors (for example: not eligible for auto-proxying)] 
INFO 2016-03-25 18:20:40  [ main:2357 ] [No cache or cacheManager properties have been set.  Authorization cache cannot be obtained.] 
INFO 2016-03-25 18:20:40  [ main:2358 ] [Bean 'defaultRealm' of type [class com.ccniit.graduation.plus.shiro.DefaultRealm] is not eligible for getting processed by all BeanPostProcessors (for example: not eligible for auto-proxying)] 
INFO 2016-03-25 18:20:40  [ main:2385 ] [Bean 'securityManager' of type [class org.apache.shiro.web.mgt.DefaultWebSecurityManager] is not eligible for getting processed by all BeanPostProcessors (for example: not eligible for auto-proxying)] 
INFO 2016-03-25 18:20:40  [ main:2527 ] [Initializing EhCache CacheManager] 
INFO 2016-03-25 18:20:42  [ main:4089 ] [Cluster created with settings {hosts=[127.0.0.1:27017], mode=SINGLE, requiredClusterType=UNKNOWN, serverSelectionTimeout='30000 ms', maxWaitQueueSize=50}] 
INFO 2016-03-25 18:20:42  [ cluster-ClusterId{value='56f510fa60c74b2bec494b18', description='null'}-127.0.0.1:27017:4187 ] [Opened connection [connectionId{localValue:1, serverValue:2}] to 127.0.0.1:27017] 
INFO 2016-03-25 18:20:42  [ cluster-ClusterId{value='56f510fa60c74b2bec494b18', description='null'}-127.0.0.1:27017:4187 ] [Monitor thread successfully connected to server with description ServerDescription{address=127.0.0.1:27017, type=STANDALONE, state=CONNECTED, ok=true, version=ServerVersion{versionList=[2, 6, 11]}, minWireVersion=0, maxWireVersion=2, maxDocumentSize=16777216, roundTripTimeNanos=925335}] 
INFO 2016-03-25 18:20:43  [ Thread-3:5305 ] [Closing org.springframework.context.support.GenericApplicationContext@77036a6b: startup date [Fri Mar 25 18:20:39 CST 2016]; root of context hierarchy] 
INFO 2016-03-25 18:20:43  [ Thread-3:5321 ] [Shutting down EhCache CacheManager] 
INFO 2016-03-25 18:25:51  [ main:0 ] [Loaded default TestExecutionListener class names from location [META-INF/spring.factories]: [org.springframework.test.context.web.ServletTestExecutionListener, org.springframework.test.context.support.DirtiesContextBeforeModesTestExecutionListener, org.springframework.test.context.support.DependencyInjectionTestExecutionListener, org.springframework.test.context.support.DirtiesContextTestExecutionListener, org.springframework.test.context.transaction.TransactionalTestExecutionListener, org.springframework.test.context.jdbc.SqlScriptsTestExecutionListener]] 
INFO 2016-03-25 18:25:51  [ main:16 ] [Using TestExecutionListeners: [org.springframework.test.context.web.ServletTestExecutionListener@58d3d0d4, org.springframework.test.context.support.DirtiesContextBeforeModesTestExecutionListener@3a333bdb, org.springframework.test.context.support.DependencyInjectionTestExecutionListener@799ec4b6, org.springframework.test.context.support.DirtiesContextTestExecutionListener@2684c71b, org.springframework.test.context.transaction.TransactionalTestExecutionListener@572bd15e, org.springframework.test.context.jdbc.SqlScriptsTestExecutionListener@7dbe9f07]] 
INFO 2016-03-25 18:25:51  [ main:156 ] [Loading XML bean definitions from class path resource [root-context.xml]] 
INFO 2016-03-25 18:25:52  [ main:703 ] [Refreshing org.springframework.context.support.GenericApplicationContext@6194a872: startup date [Fri Mar 25 18:25:52 CST 2016]; root of context hierarchy] 
INFO 2016-03-25 18:25:52  [ main:1050 ] [Loading properties file from class path resource [jdbc.properties]] 
INFO 2016-03-25 18:25:52  [ main:1066 ] [JSR-330 'javax.inject.Inject' annotation found and supported for autowiring] 
INFO 2016-03-25 18:25:52  [ main:1128 ] [Bean 'org.springframework.aop.support.DefaultBeanFactoryPointcutAdvisor#0' of type [class org.springframework.aop.support.DefaultBeanFactoryPointcutAdvisor] is not eligible for getting processed by all BeanPostProcessors (for example: not eligible for auto-proxying)] 
INFO 2016-03-25 18:25:52  [ main:1394 ] [Bean 'dataSource' of type [class org.apache.commons.dbcp.BasicDataSource] is not eligible for getting processed by all BeanPostProcessors (for example: not eligible for auto-proxying)] 
INFO 2016-03-25 18:25:53  [ main:1628 ] [Bean 'sqlSessionFactory' of type [class org.mybatis.spring.SqlSessionFactoryBean] is not eligible for getting processed by all BeanPostProcessors (for example: not eligible for auto-proxying)] 
INFO 2016-03-25 18:25:53  [ main:1628 ] [Bean 'sqlSessionFactory' of type [class org.apache.ibatis.session.defaults.DefaultSqlSessionFactory] is not eligible for getting processed by all BeanPostProcessors (for example: not eligible for auto-proxying)] 
INFO 2016-03-25 18:25:53  [ main:1691 ] [Bean 'authorMapper' of type [class org.mybatis.spring.mapper.MapperFactoryBean] is not eligible for getting processed by all BeanPostProcessors (for example: not eligible for auto-proxying)] 
INFO 2016-03-25 18:25:53  [ main:1708 ] [Bean 'authorMapper' of type [class com.sun.proxy.$Proxy27] is not eligible for getting processed by all BeanPostProcessors (for example: not eligible for auto-proxying)] 
INFO 2016-03-25 18:25:53  [ main:1724 ] [Bean 'authorDao' of type [class com.ccniit.graduation.dao.mysql.AuthorDao] is not eligible for getting processed by all BeanPostProcessors (for example: not eligible for auto-proxying)] 
INFO 2016-03-25 18:25:53  [ main:1755 ] [Bean 'transactionManager' of type [class org.springframework.jdbc.datasource.DataSourceTransactionManager] is not eligible for getting processed by all BeanPostProcessors (for example: not eligible for auto-proxying)] 
INFO 2016-03-25 18:25:53  [ main:1770 ] [Bean '(inner bean)#71e0ae28' of type [class org.springframework.transaction.interceptor.NameMatchTransactionAttributeSource] is not eligible for getting processed by all BeanPostProcessors (for example: not eligible for auto-proxying)] 
INFO 2016-03-25 18:25:53  [ main:1770 ] [Bean 'txAdvice' of type [class org.springframework.transaction.interceptor.TransactionInterceptor] is not eligible for getting processed by all BeanPostProcessors (for example: not eligible for auto-proxying)] 
INFO 2016-03-25 18:25:53  [ main:1817 ] [Bean 'authorAuthService' of type [class com.ccniit.graduation.service.impl.AuthorAuthServiceImpl] is not eligible for getting processed by all BeanPostProcessors (for example: not eligible for auto-proxying)] 
INFO 2016-03-25 18:25:53  [ main:1833 ] [No cache or cacheManager properties have been set.  Authorization cache cannot be obtained.] 
INFO 2016-03-25 18:25:53  [ main:1833 ] [Bean 'defaultRealm' of type [class com.ccniit.graduation.plus.shiro.DefaultRealm] is not eligible for getting processed by all BeanPostProcessors (for example: not eligible for auto-proxying)] 
INFO 2016-03-25 18:25:53  [ main:1849 ] [Bean 'securityManager' of type [class org.apache.shiro.web.mgt.DefaultWebSecurityManager] is not eligible for getting processed by all BeanPostProcessors (for example: not eligible for auto-proxying)] 
INFO 2016-03-25 18:25:53  [ main:2005 ] [Initializing EhCache CacheManager] 
INFO 2016-03-25 18:25:54  [ main:3419 ] [Cluster created with settings {hosts=[127.0.0.1:27017], mode=SINGLE, requiredClusterType=UNKNOWN, serverSelectionTimeout='30000 ms', maxWaitQueueSize=50}] 
INFO 2016-03-25 18:25:55  [ cluster-ClusterId{value='56f5123260c74b25f4ba0b1d', description='null'}-127.0.0.1:27017:3500 ] [Opened connection [connectionId{localValue:1, serverValue:4}] to 127.0.0.1:27017] 
INFO 2016-03-25 18:25:55  [ cluster-ClusterId{value='56f5123260c74b25f4ba0b1d', description='null'}-127.0.0.1:27017:3500 ] [Monitor thread successfully connected to server with description ServerDescription{address=127.0.0.1:27017, type=STANDALONE, state=CONNECTED, ok=true, version=ServerVersion{versionList=[2, 6, 11]}, minWireVersion=0, maxWireVersion=2, maxDocumentSize=16777216, roundTripTimeNanos=710217}] 
INFO 2016-03-25 18:25:55  [ Thread-3:4423 ] [Closing org.springframework.context.support.GenericApplicationContext@6194a872: startup date [Fri Mar 25 18:25:52 CST 2016]; root of context hierarchy] 
INFO 2016-03-25 18:25:55  [ Thread-3:4423 ] [Shutting down EhCache CacheManager] 
